Reading netlist file: "C:\Users\SHIVAAAA\Desktop\Gowin\screen_driver_map\impl\gwsynthesis\screen_driver.vg"
Parsing netlist file "C:\Users\SHIVAAAA\Desktop\Gowin\screen_driver_map\impl\gwsynthesis\screen_driver.vg" completed
Processing netlist completed
Reading constraint file: "C:\Users\SHIVAAAA\Desktop\Gowin\screen_driver_map\src\screen_driver.cst"
Physical Constraint parsed completed
Running placement......
[10%] Placement Phase 0 completed
[20%] Placement Phase 1 completed
[30%] Placement Phase 2 completed
WARN  (TA1132) :  'lvds_video_top_inst/LVDS_7to1_RX_Top_inst/lvds_71_rx/Inst6_CLKDIVC/CLKOUT.default_gen_clk' was determined to be a clock but was not created.
WARN  (TA1117) : Can't calculate clocks' relationship between: "lvds_video_top_inst/LVDS_7to1_RX_Top_inst/lvds_71_rx/Inst6_CLKDIVC/CLKOUT.default_gen_clk" and "MiniLED_driver_inst/SPI7001_25M_1M_rPLL_inst/led_rpll_inst/CLKOUT.default_gen_clk"
[50%] Placement Phase 3 completed
Running routing......
[60%] Routing Phase 0 completed
[70%] Routing Phase 1 completed
[80%] Routing Phase 2 completed
WARN  (PR1014) : Generic routing resource will be used to clock signal '\lvds_video_top_inst/LVDS_7to1_RX_Top_inst/ibuf_clk ' by the specified constraint. And then it may lead to the excessive delay or skew
[90%] Routing Phase 3 completed
Running timing analysis......
[95%] Timing analysis completed
Placement and routing completed
Bitstream generation in progress......
Bitstream generation completed
Running power analysis......
[100%] Power analysis completed
Generate file "C:\Users\SHIVAAAA\Desktop\Gowin\screen_driver_map\impl\pnr\screen_driver.power.html" completed
Generate file "C:\Users\SHIVAAAA\Desktop\Gowin\screen_driver_map\impl\pnr\screen_driver.pin.html" completed
Generate file "C:\Users\SHIVAAAA\Desktop\Gowin\screen_driver_map\impl\pnr\screen_driver.rpt.html" completed
Generate file "C:\Users\SHIVAAAA\Desktop\Gowin\screen_driver_map\impl\pnr\screen_driver.rpt.txt" completed
Generate file "C:\Users\SHIVAAAA\Desktop\Gowin\screen_driver_map\impl\pnr\screen_driver.tr.html" completed
Tue Nov  5 22:06:11 2024

